Debug: Request path: Debug: Request path: trackingDebug: Request path: historyDebug: Request path: assets/js/history.jsDebug: Request path: leaderboardDebug: Request path: assets/js/leaderboard.jsDebug: Request path: rewardsDebug: Request path: trackingDebug: Request path: Debug: Request path: captchaDebug: Request path: trackingDebug: Request path: trackingDebug: Request path: historyDebug: Request path: assets/js/history.jsDebug: Request path: leaderboardDebug: Request path: assets/js/leaderboard.jsDebug: Request path: rewardsDebug: Request path: trackingDebug: Request path: Debug: Request path: captchaDebug: Request path: Debug: Request path: captchaDebug: Request path: Debug: Request path: captchaDebug: Request path: trackingDebug: Request path: personalDebug: Request path: personalDebug: Request path: historyDebug: Request path: assets/js/history.jsDebug: Request path: leaderboardDebug: Request path: assets/js/leaderboard.jsDebug: Request path: rewardsDebug: Request path: leaderboardDebug: Request path: assets/js/leaderboard.jsDebug: Request path: Debug: Request path: captchaDebug: Request path: trackingDebug: Request path: Debug: Request path: captchaDebug: Request path: Debug: Request path: captchaDebug: Request path: backendDebug: Request path: backendDebug: Request path: Debug: Request path: captchaDebug: Request path: trackingDebug: Request path: Debug: Request path: captchaDebug: Request path: favicon.icoDebug: Request path: trackingDebug: Request path: Debug: Request path: captchaDebug: Request path: favicon.icoDebug: Request path: Debug: Request path: Debug: Request path: captchaDebug: Request path: captchaDebug: Request path: Debug: Request path: Debug: Request path: captchaDebug: Request path: captchaDebug: Request path: Debug: Request path: captchaDebug: Request path: Debug: Request path: captchaDebug: Request path: captchaDebug: Request path: captchaDebug: Request path: trackingDebug: 未登入，導回 /Debug: Request path: captchaDebug: Request path: trackingDebug: 未登入，導回 /Debug: Request path: Debug: Request path: captchaDebug: Request path: Debug: Request path: Debug: Request path: captchaDebug: Request path: captchaDebug: Request path: Debug: Request path: Debug: Request path: captchaDebug: Request path: captchaDebug: Request path: Debug: Request path: Debug: Request path: captchaDebug: Request path: captchaDebug: Request path: captchaDebug: Request path: captchaDebug: Request path: Debug: Request path: captchaDebug: Request path: Debug: Request path: captchaDebug: Request path: Debug: Request path: Debug: Request path: captchaDebug: Request path: captchaDebug: Request path: Debug: Request path: captchaDebug: Request path: Debug: Request path: captchaDebug: Request path: Debug: Request path: captchaDebug: Request path: Debug: Request path: captchaDebug: Request path: trackingDebug: Request path: trackingDebug: Request path: Debug: Request path: captchaDebug: Request path: Debug: Request path: captchaDebug: Request path: favicon.icoDebug: Request path: trackingDebug: Request path: trackingDebug: Request path: personalDebug: Request path: personalDebug: Request path: Debug: Request path: captchaDebug: Request path: favicon.icoDebug: Request path: trackingDebug: Request path: Debug: Request path: captchaDebug: Request path: Debug: Request path: wordpressDebug: Request path: wp-admin/setup-configDebug: Request path: wp-admin/installDebug: Request path: wpDebug: Request path: blogDebug: Request path: newDebug: Request path: oldDebug: Request path: newsiteDebug: Request path: testDebug: Request path: mainDebug: Request path: testingDebug: Request path: siteDebug: Request path: backupDebug: Request path: demoDebug: Request path: homeDebug: Request path: tmpDebug: Request path: devDebug: Request path: cmsDebug: Request path: portalDebug: Request path: webDebug: Request path: Debug: Request path: Debug: Request path: Debug: Request path: robots.txtDebug: Request path: Debug: Request path: 
Debug: Request path: captcha
Debug: Request path: favicon.ico
Debug: Request path: 
Debug: Request path: 
Debug: Request path: captcha
Debug: Request path: favicon.ico
Debug: Request path: 
Debug: Request path: captcha
Debug: Request path: robots.txt
Debug: Request path: 
Debug: Request path: captcha
Debug: Request path: robots.txt
Debug: Request path: 
Debug: Request path: captcha
Debug: Request path: captcha
Debug: Request path: ID3/license.txt
Debug: Request path: 
Debug: Request path: 
Debug: Request path: wp-includes/wlwmanifest.xml
Debug: Request path: wp-includes/wlwmanifest.xml
Debug: Request path: wp-includes/wlwmanifest.xml
Debug: Request path: wp-includes/wlwmanifest.xml
Debug: Request path: wp-includes/wlwmanifest.xml
Debug: Request path: wp-includes/wlwmanifest.xml
Debug: Request path: wp-includes/wlwmanifest.xml
Debug: Request path: wp-includes/wlwmanifest.xml
Debug: Request path: wp-includes/wlwmanifest.xml
Debug: Request path: wp-includes/wlwmanifest.xml
Debug: Request path: wp-includes/wlwmanifest.xml
Debug: Request path: wp-includes/wlwmanifest.xml
Debug: Request path: media/system/js/core.js
Debug: Request path: wp-includes/js/jquery/jquery.js
Debug: Request path: 
Debug: Request path: captcha
Debug: Request path: favicon.ico
Debug: Request path: 
Debug: Request path: captcha
Debug: Request path: 
Debug: Request path: captcha
Debug: Request path: 
Debug: Request path: 
Debug: Request path: captcha
Debug: Request path: captcha
Debug: Request path: wp-admin/css
Debug: Request path: .well-known
Debug: Request path: sites/default/files
Debug: Request path: admin/controller/extension/extension
Debug: Request path: uploads
Debug: Request path: images
Debug: Request path: files
Debug: Request path: 
Debug: Request path: wlwmanifest.xml
Debug: Request path: 
Debug: Request path: 
Debug: Request path: wp-includes/wlwmanifest.xml
Debug: Request path: wp-includes/wlwmanifest.xml
Debug: Request path: wp-includes/wlwmanifest.xml
Debug: Request path: wp-includes/wlwmanifest.xml
Debug: Request path: wp-includes/wlwmanifest.xml
Debug: Request path: wp-includes/wlwmanifest.xml
Debug: Request path: wp-includes/wlwmanifest.xml
Debug: Request path: wp-includes/wlwmanifest.xml
Debug: Request path: wp-includes/wlwmanifest.xml
Debug: Request path: wp-includes/wlwmanifest.xml
Debug: Request path: wp-includes/wlwmanifest.xml
Debug: Request path: wp-includes/wlwmanifest.xml
Debug: Request path: wp-includes/wlwmanifest.xml
Debug: Request path: wp-includes/wlwmanifest.xml
Debug: Request path: wp-includes/wlwmanifest.xml
Debug: Request path: wp-includes/wlwmanifest.xml
Debug: Request path: .env
Debug: Request path: wp-content
Debug: Request path: 
Debug: Request path: 
Debug: Request path: 
Debug: Request path: 
Debug: Request path: favicon.ico
Debug: Request path: 
Debug: Request path: 
Debug: Request path: .well-known/acme-challenge/index
Debug: Request path: .well-known/acme-challenge/cloud
Debug: Request path: .well-known/acme-challenge/upfile
Debug: Request path: .well-known/acme-challenge/xmrlpc
Debug: Request path: .well-known/acme-challenge/about
Debug: Request path: .well-known/acme-challenge/admin
Debug: Request path: .well-known/acme-challenge/radio
Debug: Request path: .well-known/acme-challenge/plugins
Debug: Request path: .well-known/acme-challenge/makeasmtp
Debug: Request path: .well-known/acme-challenge/file
Debug: Request path: .well-known/acme-challenge/mariju
Debug: Request path: .well-known/acme-challenge/content
Debug: Request path: .well-known/acme-challenge/moon
Debug: Request path: .well-known/acme-challenge/edit
Debug: Request path: .well-known/acme-challenge/atomlib
Debug: Request path: .well-known/acme-challenge/license
Debug: Request path: .well-known/acme-challenge/wso112233
Debug: Request path: .well-known/acme-challenge/doc
Debug: Request path: .well-known/acme-challenge/blurbs
Debug: Request path: .well-known/acme-challenge/autoload_classmap
Debug: Request path: .well-known/acme-challenge/iR7SzrsOUEP
Debug: Request path: .well-known/acme-challenge/install
Debug: Request path: .well-known/acme-challenge/aboudt
Debug: Request path: .well-known/acme-challenge/shimo
Debug: Request path: .well-known/acme-challenge/inputs
Debug: Request path: .well-known/acme-challenge/wp-conf
Debug: Request path: .well-known/acme-challenge/class_api
Debug: Request path: .well-known/acme-challenge/sxx
Debug: Request path: .well-known/acme-challenge/class.api
Debug: Request path: .well-known/acme-challenge/wp-atom
Debug: Request path: .well-known/acme-challenge/themes
Debug: Request path: .well-known/acme-challenge/zmFM
Debug: Request path: 
Debug: Request path: robots.txt
Debug: Request path: 
Debug: Request path: 
Debug: Request path: 
